<?xml version="1.0" encoding="UTF-8"?>
<!-- Generated by org.testng.reporters.JUnitReportReporter -->
<testsuite hostname="CPDK217" failures="0" tests="1" name="com.TestApp.SeleniumProjectTest.TestRegistrationPage" time="18.978" errors="0" timestamp="2024-07-10T13:08:32 IST" skipped="0">
  <testcase classname="com.TestApp.SeleniumProjectTest.TestRegistrationPage" name="testRegistrationPage" time="18.978"/>
</testsuite> <!-- com.TestApp.SeleniumProjectTest.TestRegistrationPage -->
