<?xml version="1.0" encoding="UTF-8"?>
<!-- Generated by org.testng.reporters.JUnitReportReporter -->
<testsuite hostname="CPDK217" failures="0" tests="1" name="com.APITesting.TESTGETandPOSTRequest" time="3.567" errors="0" timestamp="2024-07-05T14:40:43 IST" skipped="0">
  <testcase classname="com.APITesting.TESTGETandPOSTRequest" name="POSTRequest" time="3.567"/>
</testsuite> <!-- com.APITesting.TESTGETandPOSTRequest -->
