<?xml version="1.0" encoding="UTF-8"?>
<!-- Generated by org.testng.reporters.JUnitReportReporter -->
<testsuite hostname="CPDK217" failures="0" tests="1" name="com.APITesting.ReactProjectPutPatchDelete" time="8.394" errors="0" timestamp="2024-07-05T15:31:36 IST" skipped="0">
  <testcase classname="com.APITesting.ReactProjectPutPatchDelete" name="PATCHRequest" time="8.394"/>
</testsuite> <!-- com.APITesting.ReactProjectPutPatchDelete -->
