<?xml version="1.0" encoding="UTF-8"?>
<!-- Generated by org.testng.reporters.JUnitReportReporter -->
<testsuite hostname="CPDK217" failures="0" tests="1" name="com.APITesting.FirstTest" time="4.733" errors="0" timestamp="2024-07-05T12:19:58 IST" skipped="0">
  <testcase classname="com.APITesting.FirstTest" name="GETApiTest2" time="4.733"/>
</testsuite> <!-- com.APITesting.FirstTest -->
