<?xml version="1.0" encoding="UTF-8"?>
<!-- Generated by org.testng.reporters.JUnitReportReporter -->
<testsuite hostname="CPDK217" failures="0" tests="1" name="com.APITesting.ReactProjectHome" time="4.376" errors="0" timestamp="2024-07-05T12:44:31 IST" skipped="0">
  <testcase classname="com.APITesting.ReactProjectHome" name="GETApiTest2" time="4.376"/>
</testsuite> <!-- com.APITesting.ReactProjectHome -->
