<?xml version="1.0" encoding="UTF-8"?>
<!-- Generated by org.testng.reporters.JUnitReportReporter -->
<testsuite hostname="CPDK217" failures="0" tests="1" name="com.APITesting.PutPatchAndDeleteRequest" time="16.316" errors="0" timestamp="2024-07-05T15:20:19 IST" skipped="0">
  <testcase classname="com.APITesting.PutPatchAndDeleteRequest" name="DELETERequest" time="16.316"/>
</testsuite> <!-- com.APITesting.PutPatchAndDeleteRequest -->
